websocket00:10:58.523785 subscribed: {2.0 subscribe map[channel:lightning_executions_BTC_JPY] 1}
websocket00:10:58.524438 subscribed: {2.0 subscribe map[channel:lightning_executions_FX_BTC_JPY] 1}
websocket00:12:26.390443 subscribed: {2.0 subscribe map[channel:lightning_executions_BTC_JPY] 1}
websocket00:12:26.391298 subscribed: {2.0 subscribe map[channel:lightning_executions_FX_BTC_JPY] 1}
websocket00:14:43.097134 subscribed: {2.0 subscribe map[channel:lightning_executions_BTC_JPY] 1}
websocket00:14:43.098050 subscribed: {2.0 subscribe map[channel:lightning_executions_FX_BTC_JPY] 1}
websocket00:15:49.216764 subscribed: {2.0 subscribe map[channel:lightning_executions_BTC_JPY] 1}
websocket00:15:49.216942 subscribed: {2.0 subscribe map[channel:lightning_executions_FX_BTC_JPY] 1}
websocket00:15:57.888184 subscribed: {2.0 subscribe map[channel:lightning_executions_BTC_JPY] 1}
websocket00:15:57.890958 subscribed: {2.0 subscribe map[channel:lightning_executions_FX_BTC_JPY] 1}
websocket00:17:31.857077 subscribed: {2.0 subscribe map[channel:lightning_executions_BTC_JPY] 1}
websocket00:17:31.857246 subscribed: {2.0 subscribe map[channel:lightning_executions_FX_BTC_JPY] 1}
websocket00:17:53.581583 subscribed: {2.0 subscribe map[channel:lightning_executions_BTC_JPY] 1}
websocket00:17:53.581741 subscribed: {2.0 subscribe map[channel:lightning_executions_FX_BTC_JPY] 1}
websocket00:19:05.376090 subscribed: {2.0 subscribe map[channel:lightning_executions_BTC_JPY] 1}
websocket00:19:05.376225 subscribed: {2.0 subscribe map[channel:lightning_executions_FX_BTC_JPY] 1}
websocket00:19:22.795195 subscribed: {2.0 subscribe map[channel:lightning_executions_BTC_JPY] 1}
websocket00:19:22.795344 subscribed: {2.0 subscribe map[channel:lightning_executions_FX_BTC_JPY] 1}
websocket00:19:55.146960 subscribed: {2.0 subscribe map[channel:lightning_executions_BTC_JPY] 1}
websocket00:19:55.147083 subscribed: {2.0 subscribe map[channel:lightning_executions_FX_BTC_JPY] 1}
websocket00:20:18.577724 subscribed: {2.0 subscribe map[channel:lightning_executions_BTC_JPY] 1}
websocket00:20:18.577861 subscribed: {2.0 subscribe map[channel:lightning_executions_FX_BTC_JPY] 1}
websocket00:20:55.569344 subscribed: {2.0 subscribe map[channel:lightning_executions_BTC_JPY] 1}
websocket00:20:55.569494 subscribed: {2.0 subscribe map[channel:lightning_executions_FX_BTC_JPY] 1}
websocket00:21:26.255067 subscribed: {2.0 subscribe map[channel:lightning_executions_BTC_JPY] 1}
websocket00:21:26.255262 subscribed: {2.0 subscribe map[channel:lightning_executions_FX_BTC_JPY] 1}
websocket00:24:46.421964 subscribed: {2.0 subscribe map[channel:lightning_executions_BTC_JPY] 1}
websocket00:24:46.422132 subscribed: {2.0 subscribe map[channel:lightning_executions_FX_BTC_JPY] 1}
websocket00:25:39.552662 subscribed: {2.0 subscribe map[channel:lightning_executions_BTC_JPY] 1}
websocket00:25:39.552804 subscribed: {2.0 subscribe map[channel:lightning_executions_FX_BTC_JPY] 1}
websocket00:28:24.869023 subscribed: {2.0 subscribe map[channel:lightning_executions_BTC_JPY] 1}
websocket00:28:24.869147 subscribed: {2.0 subscribe map[channel:lightning_executions_FX_BTC_JPY] 1}
websocket00:29:11.754782 subscribed: {2.0 subscribe map[channel:lightning_executions_BTC_JPY] 1}
websocket00:29:11.755681 subscribed: {2.0 subscribe map[channel:lightning_executions_FX_BTC_JPY] 1}
websocket00:29:12.874307 subscribed: {2.0 subscribe map[channel:lightning_ticker_FX_BTC_JPY] 1}
websocket00:29:12.874374 subscribed: {2.0 subscribe map[channel:child_order_events] 1}
websocket00:32:07.585743 subscribed: {2.0 subscribe map[channel:lightning_executions_BTC_JPY] 1}
websocket00:32:07.586613 subscribed: {2.0 subscribe map[channel:lightning_executions_FX_BTC_JPY] 1}
websocket00:32:10.147024 private channel connect success: true
websocket00:32:10.147101 subscribed: {2.0 subscribe map[channel:lightning_ticker_FX_BTC_JPY] 1}
websocket00:32:10.147125 subscribed: {2.0 subscribe map[channel:child_order_events] 1}
websocket00:47:55.164730 subscribed: {2.0 subscribe map[channel:lightning_executions_BTC_JPY] 1}
websocket00:47:55.167573 subscribed: {2.0 subscribe map[channel:lightning_executions_FX_BTC_JPY] 1}
websocket00:47:57.236900 private channel connect success: true
websocket00:47:57.236977 subscribed: {2.0 subscribe map[channel:lightning_ticker_FX_BTC_JPY] 1}
websocket00:47:57.237003 subscribed: {2.0 subscribe map[channel:child_order_events] 1}
websocket00:49:37.779279 subscribed: {2.0 subscribe map[channel:lightning_executions_BTC_JPY] 1}
websocket00:49:37.782152 subscribed: {2.0 subscribe map[channel:lightning_executions_FX_BTC_JPY] 1}
websocket00:49:39.637930 private channel connect success: true
websocket00:49:39.638018 subscribed: {2.0 subscribe map[channel:lightning_ticker_FX_BTC_JPY] 1}
websocket00:49:39.638058 subscribed: {2.0 subscribe map[channel:child_order_events] 1}
websocket00:50:44.191880 subscribed: {2.0 subscribe map[channel:lightning_executions_BTC_JPY] 1}
websocket00:50:44.193181 subscribed: {2.0 subscribe map[channel:lightning_executions_FX_BTC_JPY] 1}
websocket00:50:46.285351 private channel connect success: true
websocket00:50:46.285420 subscribed: {2.0 subscribe map[channel:lightning_ticker_FX_BTC_JPY] 1}
websocket00:50:46.285442 subscribed: {2.0 subscribe map[channel:child_order_events] 1}
websocket00:54:00.409080 subscribed: {2.0 subscribe map[channel:lightning_executions_BTC_JPY] 1}
websocket00:54:00.409196 subscribed: {2.0 subscribe map[channel:lightning_executions_FX_BTC_JPY] 1}
websocket00:54:02.456993 private channel connect success: true
websocket00:54:02.457071 subscribed: {2.0 subscribe map[channel:lightning_ticker_FX_BTC_JPY] 1}
websocket00:54:02.457092 subscribed: {2.0 subscribe map[channel:child_order_events] 1}
websocket18:56:22.648727 subscribed: {2.0 subscribe map[channel:lightning_executions_BTC_JPY] 1}
websocket18:56:22.649784 subscribed: {2.0 subscribe map[channel:lightning_executions_FX_BTC_JPY] 1}
websocket18:56:24.673477 private channel connect success: true
websocket18:56:24.673587 subscribed: {2.0 subscribe map[channel:lightning_ticker_FX_BTC_JPY] 1}
websocket18:56:24.673647 subscribed: {2.0 subscribe map[channel:child_order_events] 1}
websocket18:57:35.233274 subscribed: {2.0 subscribe map[channel:lightning_executions_BTC_JPY] 1}
websocket18:57:35.233437 subscribed: {2.0 subscribe map[channel:lightning_executions_FX_BTC_JPY] 1}
websocket18:57:37.445160 private channel connect success: true
websocket18:57:37.445263 subscribed: {2.0 subscribe map[channel:lightning_ticker_FX_BTC_JPY] 1}
websocket18:57:37.445297 subscribed: {2.0 subscribe map[channel:child_order_events] 1}
websocket19:00:08.608385 subscribed: {2.0 subscribe map[channel:lightning_executions_BTC_JPY] 1}
websocket19:00:08.608515 subscribed: {2.0 subscribe map[channel:lightning_executions_FX_BTC_JPY] 1}
websocket19:00:10.699509 private channel connect success: true
websocket19:00:10.699581 subscribed: {2.0 subscribe map[channel:lightning_ticker_FX_BTC_JPY] 1}
websocket19:00:10.699602 subscribed: {2.0 subscribe map[channel:child_order_events] 1}
websocket19:00:46.864971 subscribed: {2.0 subscribe map[channel:lightning_executions_BTC_JPY] 1}
websocket19:00:46.865112 subscribed: {2.0 subscribe map[channel:lightning_executions_FX_BTC_JPY] 1}
websocket19:00:49.420840 private channel connect success: true
websocket19:00:49.420938 subscribed: {2.0 subscribe map[channel:lightning_ticker_FX_BTC_JPY] 1}
websocket19:00:49.420977 subscribed: {2.0 subscribe map[channel:child_order_events] 1}
websocket19:01:21.037519 subscribed: {2.0 subscribe map[channel:lightning_executions_BTC_JPY] 1}
websocket19:01:21.037635 subscribed: {2.0 subscribe map[channel:lightning_executions_FX_BTC_JPY] 1}
websocket19:01:23.130686 private channel connect success: true
websocket19:01:23.130765 subscribed: {2.0 subscribe map[channel:lightning_ticker_FX_BTC_JPY] 1}
websocket19:01:23.130787 subscribed: {2.0 subscribe map[channel:child_order_events] 1}
websocket19:21:19.393015 private channel connect success: true
websocket19:21:19.394192 subscribed: {2.0 subscribe map[channel:lightning_ticker_FX_BTC_JPY] 1}
websocket19:21:19.394243 subscribed: {2.0 subscribe map[channel:lightning_executions_FX_BTC_JPY] 1}
websocket19:21:19.394816 subscribed: {2.0 subscribe map[channel:child_order_events] 1}
websocket19:21:46.083046 private channel connect success: true
websocket19:21:46.083232 subscribed: {2.0 subscribe map[channel:lightning_ticker_FX_BTC_JPY] 1}
websocket19:21:46.083258 subscribed: {2.0 subscribe map[channel:lightning_executions_FX_BTC_JPY] 1}
websocket19:21:46.083276 subscribed: {2.0 subscribe map[channel:child_order_events] 1}
websocket19:23:26.009308 subscribed: {2.0 subscribe map[channel:lightning_executions_BTC_JPY] 1}
websocket19:23:26.009458 subscribed: {2.0 subscribe map[channel:lightning_executions_FX_BTC_JPY] 1}
websocket19:23:28.055577 private channel connect success: true
websocket19:23:28.055658 subscribed: {2.0 subscribe map[channel:lightning_ticker_FX_BTC_JPY] 1}
websocket19:23:28.055687 subscribed: {2.0 subscribe map[channel:lightning_executions_FX_BTC_JPY] 1}
websocket19:23:28.055704 subscribed: {2.0 subscribe map[channel:child_order_events] 1}
websocket19:25:09.917795 subscribed: {2.0 subscribe map[channel:lightning_executions_BTC_JPY] 1}
websocket19:25:09.918064 subscribed: {2.0 subscribe map[channel:lightning_executions_FX_BTC_JPY] 1}
websocket19:25:11.960727 private channel connect success: true
websocket19:25:11.960810 subscribed: {2.0 subscribe map[channel:child_order_events] 1}
websocket19:26:33.627885 subscribed: {2.0 subscribe map[channel:lightning_executions_BTC_JPY] 1}
websocket19:26:33.628064 subscribed: {2.0 subscribe map[channel:lightning_executions_FX_BTC_JPY] 1}
websocket19:26:36.112878 private channel connect success: true
websocket19:26:36.113066 subscribed: {2.0 subscribe map[channel:child_order_events] 1}
websocket19:27:17.460598 subscribed: {2.0 subscribe map[channel:lightning_executions_BTC_JPY] 1}
websocket19:27:17.460786 subscribed: {2.0 subscribe map[channel:lightning_executions_FX_BTC_JPY] 1}
websocket19:27:19.519612 private channel connect success: true
websocket19:27:19.519686 subscribed: {2.0 subscribe map[channel:lightning_ticker_FX_BTC_JPY] 1}
websocket19:27:19.519735 subscribed: {2.0 subscribe map[channel:child_order_events] 1}
websocket19:27:49.457454 subscribed: {2.0 subscribe map[channel:lightning_executions_BTC_JPY] 1}
websocket19:27:49.457578 subscribed: {2.0 subscribe map[channel:lightning_executions_FX_BTC_JPY] 1}
websocket19:27:51.990751 private channel connect success: true
websocket19:27:51.990843 subscribed: {2.0 subscribe map[channel:lightning_ticker_FX_BTC_JPY] 1}
websocket19:27:51.990871 subscribed: {2.0 subscribe map[channel:child_order_events] 1}
websocket19:28:25.506071 subscribed: {2.0 subscribe map[channel:lightning_executions_BTC_JPY] 1}
websocket19:28:25.506191 subscribed: {2.0 subscribe map[channel:lightning_executions_FX_BTC_JPY] 1}
websocket19:28:27.699131 private channel connect success: true
websocket19:28:27.699207 subscribed: {2.0 subscribe map[channel:child_order_events] 1}
websocket19:29:38.790984 subscribed: {2.0 subscribe map[channel:lightning_executions_BTC_JPY] 1}
websocket19:29:38.793948 subscribed: {2.0 subscribe map[channel:lightning_executions_FX_BTC_JPY] 1}
websocket19:29:40.880902 private channel connect success: true
websocket19:29:40.880989 subscribed: {2.0 subscribe map[channel:child_order_events] 1}
websocket19:30:52.472749 subscribed: {2.0 subscribe map[channel:lightning_executions_BTC_JPY] 1}
websocket19:30:52.473031 subscribed: {2.0 subscribe map[channel:lightning_executions_FX_BTC_JPY] 1}
websocket19:30:54.332676 private channel connect success: true
websocket19:30:54.332740 subscribed: {2.0 subscribe map[channel:child_order_events] 1}
websocket19:32:26.877566 subscribed: {2.0 subscribe map[channel:lightning_executions_BTC_JPY] 1}
websocket19:32:26.880314 subscribed: {2.0 subscribe map[channel:lightning_executions_FX_BTC_JPY] 1}
websocket19:32:29.394328 private channel connect success: true
websocket19:32:29.394410 subscribed: {2.0 subscribe map[channel:child_order_events] 1}
websocket19:33:31.734786 subscribed: {2.0 subscribe map[channel:lightning_executions_BTC_JPY] 1}
websocket19:33:31.736163 subscribed: {2.0 subscribe map[channel:lightning_executions_FX_BTC_JPY] 1}
websocket19:33:33.684859 private channel connect success: true
websocket19:33:33.684979 subscribed: {2.0 subscribe map[channel:child_order_events] 1}
websocket19:34:06.394673 subscribed: {2.0 subscribe map[channel:lightning_executions_BTC_JPY] 1}
websocket19:34:06.394812 subscribed: {2.0 subscribe map[channel:lightning_executions_FX_BTC_JPY] 1}
websocket19:34:08.500266 private channel connect success: true
websocket19:34:08.500380 subscribed: {2.0 subscribe map[channel:child_order_events] 1}
websocket19:35:09.006402 subscribed: {2.0 subscribe map[channel:lightning_executions_BTC_JPY] 1}
websocket19:35:09.006522 subscribed: {2.0 subscribe map[channel:lightning_executions_FX_BTC_JPY] 1}
websocket19:35:11.109899 private channel connect success: true
websocket19:35:11.109995 subscribed: {2.0 subscribe map[channel:child_order_events] 1}
